{"failed_tests": [{"build_succeeded": false, "exception": false, "log_file": ".build/test-baseline/output.log", "proc": {"returncode": 2, "stderr": ["make[1]: *** [_file] Error 1"], "stdout": ["Building test-baseline.tex...", "(cd tests && (\"/Library/TeX/Distributions/Programs/texbin/pdflatex\" -shell-escape -jobname=output -output-directory=../.build/./test-baseline -interaction=batchmode ./test-baseline.tex 2>&1) >/dev/null)"]}, "test_name": "test-baseline"}, {"build_succeeded": false, "exception": false, "log_file": ".build/test-chapter_headings[1,3,5]/output.log", "proc": {"returncode": 2, "stderr": ["make[1]: *** [_file] Error 1"], "stdout": ["Building test-chapter_headings[1,3,5].tex...", "(cd tests && (\"/Library/TeX/Distributions/Programs/texbin/pdflatex\" -shell-escape -jobname=output -output-directory=../.build/./test-chapter_headings[1,3,5] -interaction=batchmode ./test-chapter_headings[1,3,5].tex 2>&1) >/dev/null)"]}, "test_name": "test-chapter_headings[1,3,5]"}, {"build_succeeded": false, "exception": false, "log_file": ".build/test-geometry-different-textwidth/output.log", "proc": {"returncode": 2, "stderr": ["make[1]: *** [_file] Error 1"], "stdout": ["Building test-geometry-different-textwidth.tex...", "(cd tests && (\"/Library/TeX/Distributions/Programs/texbin/pdflatex\" -shell-escape -jobname=output -output-directory=../.build/./test-geometry-different-textwidth -interaction=batchmode ./test-geometry-different-textwidth.tex 2>&1) >/dev/null)"]}, "test_name": "test-geometry-different-textwidth"}, {"build_succeeded": false, "exception": false, "log_file": ".build/test-section_headings/output.log", "proc": {"returncode": 2, "stderr": ["make[1]: *** [_file] Error 1"], "stdout": ["Building test-section_headings.tex...", "(cd tests && (\"/Library/TeX/Distributions/Programs/texbin/pdflatex\" -shell-escape -jobname=output -output-directory=../.build/./test-section_headings -interaction=batchmode ./test-section_headings.tex 2>&1) >/dev/null)"]}, "test_name": "test-section_headings"}, {"build_succeeded": false, "exception": false, "log_file": ".build/test-section_headings_parindent/output.log", "proc": {"returncode": 2, "stderr": ["make[1]: *** [_file] Error 1"], "stdout": ["Building test-section_headings_parindent.tex...", "(cd tests && (\"/Library/TeX/Distributions/Programs/texbin/pdflatex\" -shell-escape -jobname=output -output-directory=../.build/./test-section_headings_parindent -interaction=batchmode ./test-section_headings_parindent.tex 2>&1) >/dev/null)"]}, "test_name": "test-section_headings_parindent"}, {"build_succeeded": false, "exception": false, "log_file": ".build/test-subsection_headings/output.log", "proc": {"returncode": 2, "stderr": ["make[1]: *** [_file] Error 1"], "stdout": ["Building test-subsection_headings.tex...", "(cd tests && (\"/Library/TeX/Distributions/Programs/texbin/pdflatex\" -shell-escape -jobname=output -output-directory=../.build/./test-subsection_headings -interaction=batchmode ./test-subsection_headings.tex 2>&1) >/dev/null)"]}, "test_name": "test-subsection_headings"}, {"build_succeeded": false, "exception": false, "log_file": ".build/test-subsection_headings_parindent/output.log", "proc": {"returncode": 2, "stderr": ["make[1]: *** [_file] Error 1"], "stdout": ["Building test-subsection_headings_parindent.tex...", "(cd tests && (\"/Library/TeX/Distributions/Programs/texbin/pdflatex\" -shell-escape -jobname=output -output-directory=../.build/./test-subsection_headings_parindent -interaction=batchmode ./test-subsection_headings_parindent.tex 2>&1) >/dev/null)"]}, "test_name": "test-subsection_headings_parindent"}, {"build_succeeded": false, "exception": false, "log_file": ".build/test_custom_autoref/output.log", "proc": {"returncode": 2, "stderr": ["make[1]: *** [_file] Error 1"], "stdout": ["Building test_custom_autoref.tex...", "(cd tests && (\"/Library/TeX/Distributions/Programs/texbin/pdflatex\" -shell-escape -jobname=output -output-directory=../.build/./test_custom_autoref -interaction=batchmode ./test_custom_autoref.tex 2>&1) >/dev/null)"]}, "test_name": "test_custom_autoref"}], "num_tests": 37}